        -:    0:Source:next_date.cc
        -:    0:Graph:next_date.gcno
        -:    0:Data:next_date.gcda
        -:    0:Runs:1
        -:    0:Programs:1
        -:    1:#include "next_date.h"
        -:    2:#include <string>
        -:    3:#include <sstream>
        -:    4:
        -:    5:using namespace std; 
        -:    6:
       78:    7:string getNextDate(int month,int day,int year){
       78:    8:	if( (month<1 || month>12) || (day<1 || day>31) || (year<1812 || year>2012) )
       13:    9:		return "Invalid input date";
        -:   10:
       65:   11:	if(month == 1 || month == 3 || month == 5 || month == 7 || month == 8 || month == 10 || month == 12){
       72:   12:		if(month == 12 && day == 31){
        1:   13:			year+=1;
        1:   14:			month = 1;
        1:   15:			day =1;
        -:   16:		}
       35:   17:		else if(day == 31){
        4:   18:			month += 1;
        4:   19:			day=1;
        -:   20:		}
        -:   21:		else{
       31:   22:			day = day+1;
        -:   23:		}
        -:   24:	}
       29:   25:	else if(month == 2){
       11:   26:		if(day < 28)
        1:   27:            day+=1;
        -:   28:        else{
       10:   29:            if(day == 28){
        3:   30:                if(year % 4 == 0 && year != 1900)
        1:   31:                    day = 29;
        -:   32:                else{
        2:   33:                    month += 1;
        2:   34:                    day = 1;
        -:   35:                }    
        -:   36:            }
        7:   37:            else if(day == 29){
        3:   38:                if(year % 4 == 0 && year != 1900){
    #####:   39:                    month += 1;
    #####:   40:                    day = 1;
        -:   41:                }
        -:   42:                else
        3:   43:                    return "Invalid input date";
        -:   44:            }
        -:   45:            else
        4:   46:                return "Invalid input date";
        -:   47:        }    
        -:   48:	}
        -:   49:	else{
        -:   50:		//4,6,9,11
       18:   51:		if(day > 30)
        5:   52:            return "Invalid input date";
        -:   53:
       13:   54:		if(day==30){
        4:   55:			month += 1;
        4:   56:			day=1;
        -:   57:		}
        -:   58:		else{
        9:   59:			day += 1;
        -:   60:		}
        -:   61:	}
      106:   62:	stringstream ss;
        -:   63:    
       53:   64:	ss << month << "," << day << "," << year;
       53:   65:	return ss.str();
        -:   66:}
